2017-04-07 14:03:38 [127.0.0.1][-][-][error][yii\base\UnknownPropertyException] exception 'yii\base\UnknownPropertyException' with message 'Setting unknown property: yii\grid\DataColumn::attrbuite' in E:\project\advanced\vendor\yiisoft\yii2\base\Object.php:161
Stack trace:
#0 E:\project\advanced\vendor\yiisoft\yii2\BaseYii.php(525): yii\base\Object->__set('attrbuite', 'status')
#1 E:\project\advanced\vendor\yiisoft\yii2\base\Object.php(105): yii\BaseYii::configure(Object(yii\grid\DataColumn), Array)
#2 [internal function]: yii\base\Object->__construct(Array)
#3 E:\project\advanced\vendor\yiisoft\yii2\di\Container.php(381): ReflectionClass->newInstanceArgs(Array)
#4 E:\project\advanced\vendor\yiisoft\yii2\di\Container.php(156): yii\di\Container->build('yii\\grid\\DataCo...', Array, Array)
#5 E:\project\advanced\vendor\yiisoft\yii2\BaseYii.php(344): yii\di\Container->get('yii\\grid\\DataCo...', Array, Array)
#6 E:\project\advanced\vendor\yiisoft\yii2\grid\GridView.php(534): yii\BaseYii::createObject(Array)
#7 E:\project\advanced\vendor\yiisoft\yii2\grid\GridView.php(278): yii\grid\GridView->initColumns()
#8 E:\project\advanced\vendor\yiisoft\yii2\base\Object.php(107): yii\grid\GridView->init()
#9 [internal function]: yii\base\Object->__construct(Array)
#10 E:\project\advanced\vendor\yiisoft\yii2\di\Container.php(381): ReflectionClass->newInstanceArgs(Array)
#11 E:\project\advanced\vendor\yiisoft\yii2\di\Container.php(156): yii\di\Container->build('yii\\grid\\GridVi...', Array, Array)
#12 E:\project\advanced\vendor\yiisoft\yii2\BaseYii.php(344): yii\di\Container->get('yii\\grid\\GridVi...', Array, Array)
#13 E:\project\advanced\vendor\yiisoft\yii2\base\Widget.php(136): yii\BaseYii::createObject(Array)
#14 E:\project\advanced\backend\views\user\index.php(30): yii\base\Widget::widget(Array)
#15 E:\project\advanced\vendor\yiisoft\yii2\base\View.php(328): require('E:\\project\\adva...')
#16 E:\project\advanced\vendor\yiisoft\yii2\base\View.php(250): yii\base\View->renderPhpFile('E:\\project\\adva...', Array)
#17 E:\project\advanced\vendor\yiisoft\yii2\base\View.php(152): yii\base\View->renderFile('E:\\project\\adva...', Array, Object(backend\controllers\UserController))
#18 E:\project\advanced\vendor\yiisoft\yii2\base\Controller.php(381): yii\base\View->render('index', Array, Object(backend\controllers\UserController))
#19 E:\project\advanced\backend\controllers\UserController.php(44): yii\base\Controller->render('index', Array)
#20 [internal function]: backend\controllers\UserController->actionIndex()
#21 E:\project\advanced\vendor\yiisoft\yii2\base\InlineAction.php(57): call_user_func_array(Array, Array)
#22 E:\project\advanced\vendor\yiisoft\yii2\base\Controller.php(156): yii\base\InlineAction->runWithParams(Array)
#23 E:\project\advanced\vendor\yiisoft\yii2\base\Module.php(523): yii\base\Controller->runAction('index', Array)
#24 E:\project\advanced\vendor\yiisoft\yii2\web\Application.php(102): yii\base\Module->runAction('user/index', Array)
#25 E:\project\advanced\vendor\yiisoft\yii2\base\Application.php(380): yii\web\Application->handleRequest(Object(yii\web\Request))
#26 E:\project\advanced\backend\web\index.php(18): yii\base\Application->run()
#27 {main}
2017-04-07 14:03:38 [127.0.0.1][-][-][info][application] $_COOKIE = [
    '_csrf-backend' => 'be2cb5aa6fc719be3f226bd5c85db6b8ab6050f4775d8497558825f662a6bbd0a:2:{i:0;s:13:\"_csrf-backend\";i:1;s:32:\"odGA2acVuMLokip8Lk7bhWCv_JtSW5sd\";}'
    '_csrf-frontend' => 'f80642eedeafc1606e6500b7e2a21abb59f5c9069002db22e7f3e90d569deb4da:2:{i:0;s:14:\"_csrf-frontend\";i:1;s:32:\"UiX5eOn7hiv9iPtWkUycoDilu4aOJRRM\";}'
    'advanced-frontend' => 'csudbnnif5tlnude6cplf89uj1'
    '_identity-frontend' => '6d3a02ca4b45ce008e80d1057d3fdfee53ced972b2f795a44869078e0c49f352a:2:{i:0;s:18:\"_identity-frontend\";i:1;s:47:\"[10,\"FM7VQISUtf76IMBZCDCeWtIAEUT9efxj\",2592000]\";}'
    'advanced-backend' => 'qsc6petglmkmsia42869i2cpo3'
    '_identity-backend' => '10f12c8953972262b674bb7f7e20df23b12d63d3b89b35f8b4bf6e88bd225ad5a:2:{i:0;s:17:\"_identity-backend\";i:1;s:15:\"[10,\"\",2592000]\";}'
]

$_SERVER = [
    'REDIRECT_REDIRECT_STATUS' => '200'
    'REDIRECT_STATUS' => '200'
    'HTTP_HOST' => 'yii.com'
    'HTTP_CONNECTION' => 'keep-alive'
    'HTTP_CACHE_CONTROL' => 'max-age=0'
    'HTTP_UPGRADE_INSECURE_REQUESTS' => '1'
    'HTTP_USER_AGENT' => 'Mozilla/5.0 (Windows NT 6.1; WOW64) AppleWebKit/537.36 (KHTML, like Gecko) Chrome/57.0.2987.98 Safari/537.36'
    'HTTP_ACCEPT' => 'text/html,application/xhtml+xml,application/xml;q=0.9,image/webp,*/*;q=0.8'
    'HTTP_REFERER' => 'http://yii.com/admin/user/view?id=1'
    'HTTP_ACCEPT_ENCODING' => 'gzip, deflate, sdch'
    'HTTP_ACCEPT_LANGUAGE' => 'zh-CN,zh;q=0.8'
    'HTTP_COOKIE' => '_csrf-backend=be2cb5aa6fc719be3f226bd5c85db6b8ab6050f4775d8497558825f662a6bbd0a%3A2%3A%7Bi%3A0%3Bs%3A13%3A%22_csrf-backend%22%3Bi%3A1%3Bs%3A32%3A%22odGA2acVuMLokip8Lk7bhWCv_JtSW5sd%22%3B%7D; _csrf-frontend=f80642eedeafc1606e6500b7e2a21abb59f5c9069002db22e7f3e90d569deb4da%3A2%3A%7Bi%3A0%3Bs%3A14%3A%22_csrf-frontend%22%3Bi%3A1%3Bs%3A32%3A%22UiX5eOn7hiv9iPtWkUycoDilu4aOJRRM%22%3B%7D; advanced-frontend=csudbnnif5tlnude6cplf89uj1; _identity-frontend=6d3a02ca4b45ce008e80d1057d3fdfee53ced972b2f795a44869078e0c49f352a%3A2%3A%7Bi%3A0%3Bs%3A18%3A%22_identity-frontend%22%3Bi%3A1%3Bs%3A47%3A%22%5B10%2C%22FM7VQISUtf76IMBZCDCeWtIAEUT9efxj%22%2C2592000%5D%22%3B%7D; advanced-backend=qsc6petglmkmsia42869i2cpo3; _identity-backend=10f12c8953972262b674bb7f7e20df23b12d63d3b89b35f8b4bf6e88bd225ad5a%3A2%3A%7Bi%3A0%3Bs%3A17%3A%22_identity-backend%22%3Bi%3A1%3Bs%3A15%3A%22%5B10%2C%22%22%2C2592000%5D%22%3B%7D'
    'PATH' => 'C:\\ProgramData\\Oracle\\Java\\javapath;C:\\Program Files (x86)\\Intel\\iCLS Client\\;C:\\Program Files\\Intel\\iCLS Client\\;C:\\Windows\\system32;C:\\Windows;C:\\Windows\\System32\\Wbem;C:\\Windows\\System32\\WindowsPowerShell\\v1.0\\;C:\\Program Files\\Intel\\Intel(R) Management Engine Components\\DAL;C:\\Program Files (x86)\\Intel\\Intel(R) Management Engine Components\\DAL;C:\\Program Files\\Intel\\Intel(R) Management Engine Components\\IPT;C:\\Program Files (x86)\\Intel\\Intel(R) Management Engine Components\\IPT;C:\\Program Files (x86)\\ATI Technologies\\ATI.ACE\\Core-Static;C:\\Program Files (x86)\\Common Files\\Lenovo;C:\\ProgramData\\Lenovo\\ReadyApps;C:\\Program Files (x86)\\AMD\\ATI.ACE\\Core-Static;D:\\TortoiseSVN\\bin;D:\\Git\\cmd;D:\\OpenVPN\\bin;C:\\Program Files\\OpenVPN\\bin;d:\\Program Files\\OpenVPN\\bin;D:\\fastKey;D:\\wamp\\bin\\php\\php-7.0.14ts;'
    'SystemRoot' => 'C:\\Windows'
    'COMSPEC' => 'C:\\Windows\\system32\\cmd.exe'
    'PATHEXT' => '.COM;.EXE;.BAT;.CMD;.VBS;.VBE;.JS;.JSE;.WSF;.WSH;.MSC'
    'WINDIR' => 'C:\\Windows'
    'SERVER_SIGNATURE' => '<address>Apache/2.4.9 (Win32) PHP/5.5.12 Server at yii.com Port 80</address>
'
    'SERVER_SOFTWARE' => 'Apache/2.4.9 (Win32) PHP/5.5.12'
    'SERVER_NAME' => 'yii.com'
    'SERVER_ADDR' => '127.0.0.1'
    'SERVER_PORT' => '80'
    'REMOTE_ADDR' => '127.0.0.1'
    'DOCUMENT_ROOT' => 'E:/project/advanced'
    'REQUEST_SCHEME' => 'http'
    'CONTEXT_PREFIX' => ''
    'CONTEXT_DOCUMENT_ROOT' => 'E:/project/advanced'
    'SERVER_ADMIN' => 'knight@qq.com'
    'SCRIPT_FILENAME' => 'E:/project/advanced/backend/web/index.php'
    'REMOTE_PORT' => '59233'
    'REDIRECT_URL' => '/backend/web//user/index'
    'GATEWAY_INTERFACE' => 'CGI/1.1'
    'SERVER_PROTOCOL' => 'HTTP/1.1'
    'REQUEST_METHOD' => 'GET'
    'QUERY_STRING' => ''
    'REQUEST_URI' => '/admin/user/index'
    'SCRIPT_NAME' => '/backend/web/index.php'
    'PHP_SELF' => '/backend/web/index.php'
    'REQUEST_TIME_FLOAT' => 1491566618.712
    'REQUEST_TIME' => 1491566618
]
2017-04-07 14:03:46 [127.0.0.1][-][-][error][yii\base\UnknownPropertyException] exception 'yii\base\UnknownPropertyException' with message 'Setting unknown property: yii\grid\DataColumn::attrbuite' in E:\project\advanced\vendor\yiisoft\yii2\base\Object.php:161
Stack trace:
#0 E:\project\advanced\vendor\yiisoft\yii2\BaseYii.php(525): yii\base\Object->__set('attrbuite', 'status')
#1 E:\project\advanced\vendor\yiisoft\yii2\base\Object.php(105): yii\BaseYii::configure(Object(yii\grid\DataColumn), Array)
#2 [internal function]: yii\base\Object->__construct(Array)
#3 E:\project\advanced\vendor\yiisoft\yii2\di\Container.php(381): ReflectionClass->newInstanceArgs(Array)
#4 E:\project\advanced\vendor\yiisoft\yii2\di\Container.php(156): yii\di\Container->build('yii\\grid\\DataCo...', Array, Array)
#5 E:\project\advanced\vendor\yiisoft\yii2\BaseYii.php(344): yii\di\Container->get('yii\\grid\\DataCo...', Array, Array)
#6 E:\project\advanced\vendor\yiisoft\yii2\grid\GridView.php(534): yii\BaseYii::createObject(Array)
#7 E:\project\advanced\vendor\yiisoft\yii2\grid\GridView.php(278): yii\grid\GridView->initColumns()
#8 E:\project\advanced\vendor\yiisoft\yii2\base\Object.php(107): yii\grid\GridView->init()
#9 [internal function]: yii\base\Object->__construct(Array)
#10 E:\project\advanced\vendor\yiisoft\yii2\di\Container.php(381): ReflectionClass->newInstanceArgs(Array)
#11 E:\project\advanced\vendor\yiisoft\yii2\di\Container.php(156): yii\di\Container->build('yii\\grid\\GridVi...', Array, Array)
#12 E:\project\advanced\vendor\yiisoft\yii2\BaseYii.php(344): yii\di\Container->get('yii\\grid\\GridVi...', Array, Array)
#13 E:\project\advanced\vendor\yiisoft\yii2\base\Widget.php(136): yii\BaseYii::createObject(Array)
#14 E:\project\advanced\backend\views\user\index.php(30): yii\base\Widget::widget(Array)
#15 E:\project\advanced\vendor\yiisoft\yii2\base\View.php(328): require('E:\\project\\adva...')
#16 E:\project\advanced\vendor\yiisoft\yii2\base\View.php(250): yii\base\View->renderPhpFile('E:\\project\\adva...', Array)
#17 E:\project\advanced\vendor\yiisoft\yii2\base\View.php(152): yii\base\View->renderFile('E:\\project\\adva...', Array, Object(backend\controllers\UserController))
#18 E:\project\advanced\vendor\yiisoft\yii2\base\Controller.php(381): yii\base\View->render('index', Array, Object(backend\controllers\UserController))
#19 E:\project\advanced\backend\controllers\UserController.php(44): yii\base\Controller->render('index', Array)
#20 [internal function]: backend\controllers\UserController->actionIndex()
#21 E:\project\advanced\vendor\yiisoft\yii2\base\InlineAction.php(57): call_user_func_array(Array, Array)
#22 E:\project\advanced\vendor\yiisoft\yii2\base\Controller.php(156): yii\base\InlineAction->runWithParams(Array)
#23 E:\project\advanced\vendor\yiisoft\yii2\base\Module.php(523): yii\base\Controller->runAction('index', Array)
#24 E:\project\advanced\vendor\yiisoft\yii2\web\Application.php(102): yii\base\Module->runAction('user/index', Array)
#25 E:\project\advanced\vendor\yiisoft\yii2\base\Application.php(380): yii\web\Application->handleRequest(Object(yii\web\Request))
#26 E:\project\advanced\backend\web\index.php(18): yii\base\Application->run()
#27 {main}
2017-04-07 14:03:46 [127.0.0.1][-][-][info][application] $_COOKIE = [
    '_csrf-backend' => 'be2cb5aa6fc719be3f226bd5c85db6b8ab6050f4775d8497558825f662a6bbd0a:2:{i:0;s:13:\"_csrf-backend\";i:1;s:32:\"odGA2acVuMLokip8Lk7bhWCv_JtSW5sd\";}'
    '_csrf-frontend' => 'f80642eedeafc1606e6500b7e2a21abb59f5c9069002db22e7f3e90d569deb4da:2:{i:0;s:14:\"_csrf-frontend\";i:1;s:32:\"UiX5eOn7hiv9iPtWkUycoDilu4aOJRRM\";}'
    'advanced-frontend' => 'csudbnnif5tlnude6cplf89uj1'
    '_identity-frontend' => '6d3a02ca4b45ce008e80d1057d3fdfee53ced972b2f795a44869078e0c49f352a:2:{i:0;s:18:\"_identity-frontend\";i:1;s:47:\"[10,\"FM7VQISUtf76IMBZCDCeWtIAEUT9efxj\",2592000]\";}'
    'advanced-backend' => 'qsc6petglmkmsia42869i2cpo3'
    '_identity-backend' => '10f12c8953972262b674bb7f7e20df23b12d63d3b89b35f8b4bf6e88bd225ad5a:2:{i:0;s:17:\"_identity-backend\";i:1;s:15:\"[10,\"\",2592000]\";}'
]

$_SERVER = [
    'REDIRECT_REDIRECT_STATUS' => '200'
    'REDIRECT_STATUS' => '200'
    'HTTP_HOST' => 'yii.com'
    'HTTP_CONNECTION' => 'keep-alive'
    'HTTP_CACHE_CONTROL' => 'max-age=0'
    'HTTP_UPGRADE_INSECURE_REQUESTS' => '1'
    'HTTP_USER_AGENT' => 'Mozilla/5.0 (Windows NT 6.1; WOW64) AppleWebKit/537.36 (KHTML, like Gecko) Chrome/57.0.2987.98 Safari/537.36'
    'HTTP_ACCEPT' => 'text/html,application/xhtml+xml,application/xml;q=0.9,image/webp,*/*;q=0.8'
    'HTTP_REFERER' => 'http://yii.com/admin/user/view?id=1'
    'HTTP_ACCEPT_ENCODING' => 'gzip, deflate, sdch'
    'HTTP_ACCEPT_LANGUAGE' => 'zh-CN,zh;q=0.8'
    'HTTP_COOKIE' => '_csrf-backend=be2cb5aa6fc719be3f226bd5c85db6b8ab6050f4775d8497558825f662a6bbd0a%3A2%3A%7Bi%3A0%3Bs%3A13%3A%22_csrf-backend%22%3Bi%3A1%3Bs%3A32%3A%22odGA2acVuMLokip8Lk7bhWCv_JtSW5sd%22%3B%7D; _csrf-frontend=f80642eedeafc1606e6500b7e2a21abb59f5c9069002db22e7f3e90d569deb4da%3A2%3A%7Bi%3A0%3Bs%3A14%3A%22_csrf-frontend%22%3Bi%3A1%3Bs%3A32%3A%22UiX5eOn7hiv9iPtWkUycoDilu4aOJRRM%22%3B%7D; advanced-frontend=csudbnnif5tlnude6cplf89uj1; _identity-frontend=6d3a02ca4b45ce008e80d1057d3fdfee53ced972b2f795a44869078e0c49f352a%3A2%3A%7Bi%3A0%3Bs%3A18%3A%22_identity-frontend%22%3Bi%3A1%3Bs%3A47%3A%22%5B10%2C%22FM7VQISUtf76IMBZCDCeWtIAEUT9efxj%22%2C2592000%5D%22%3B%7D; advanced-backend=qsc6petglmkmsia42869i2cpo3; _identity-backend=10f12c8953972262b674bb7f7e20df23b12d63d3b89b35f8b4bf6e88bd225ad5a%3A2%3A%7Bi%3A0%3Bs%3A17%3A%22_identity-backend%22%3Bi%3A1%3Bs%3A15%3A%22%5B10%2C%22%22%2C2592000%5D%22%3B%7D'
    'PATH' => 'C:\\ProgramData\\Oracle\\Java\\javapath;C:\\Program Files (x86)\\Intel\\iCLS Client\\;C:\\Program Files\\Intel\\iCLS Client\\;C:\\Windows\\system32;C:\\Windows;C:\\Windows\\System32\\Wbem;C:\\Windows\\System32\\WindowsPowerShell\\v1.0\\;C:\\Program Files\\Intel\\Intel(R) Management Engine Components\\DAL;C:\\Program Files (x86)\\Intel\\Intel(R) Management Engine Components\\DAL;C:\\Program Files\\Intel\\Intel(R) Management Engine Components\\IPT;C:\\Program Files (x86)\\Intel\\Intel(R) Management Engine Components\\IPT;C:\\Program Files (x86)\\ATI Technologies\\ATI.ACE\\Core-Static;C:\\Program Files (x86)\\Common Files\\Lenovo;C:\\ProgramData\\Lenovo\\ReadyApps;C:\\Program Files (x86)\\AMD\\ATI.ACE\\Core-Static;D:\\TortoiseSVN\\bin;D:\\Git\\cmd;D:\\OpenVPN\\bin;C:\\Program Files\\OpenVPN\\bin;d:\\Program Files\\OpenVPN\\bin;D:\\fastKey;D:\\wamp\\bin\\php\\php-7.0.14ts;'
    'SystemRoot' => 'C:\\Windows'
    'COMSPEC' => 'C:\\Windows\\system32\\cmd.exe'
    'PATHEXT' => '.COM;.EXE;.BAT;.CMD;.VBS;.VBE;.JS;.JSE;.WSF;.WSH;.MSC'
    'WINDIR' => 'C:\\Windows'
    'SERVER_SIGNATURE' => '<address>Apache/2.4.9 (Win32) PHP/5.5.12 Server at yii.com Port 80</address>
'
    'SERVER_SOFTWARE' => 'Apache/2.4.9 (Win32) PHP/5.5.12'
    'SERVER_NAME' => 'yii.com'
    'SERVER_ADDR' => '127.0.0.1'
    'SERVER_PORT' => '80'
    'REMOTE_ADDR' => '127.0.0.1'
    'DOCUMENT_ROOT' => 'E:/project/advanced'
    'REQUEST_SCHEME' => 'http'
    'CONTEXT_PREFIX' => ''
    'CONTEXT_DOCUMENT_ROOT' => 'E:/project/advanced'
    'SERVER_ADMIN' => 'knight@qq.com'
    'SCRIPT_FILENAME' => 'E:/project/advanced/backend/web/index.php'
    'REMOTE_PORT' => '59239'
    'REDIRECT_URL' => '/backend/web//user/index'
    'GATEWAY_INTERFACE' => 'CGI/1.1'
    'SERVER_PROTOCOL' => 'HTTP/1.1'
    'REQUEST_METHOD' => 'GET'
    'QUERY_STRING' => ''
    'REQUEST_URI' => '/admin/user/index'
    'SCRIPT_NAME' => '/backend/web/index.php'
    'PHP_SELF' => '/backend/web/index.php'
    'REQUEST_TIME_FLOAT' => 1491566626.391
    'REQUEST_TIME' => 1491566626
]
2017-04-07 14:04:00 [127.0.0.1][-][-][error][yii\base\UnknownPropertyException] exception 'yii\base\UnknownPropertyException' with message 'Setting unknown property: yii\grid\DataColumn::attrbuite' in E:\project\advanced\vendor\yiisoft\yii2\base\Object.php:161
Stack trace:
#0 E:\project\advanced\vendor\yiisoft\yii2\BaseYii.php(525): yii\base\Object->__set('attrbuite', 'status')
#1 E:\project\advanced\vendor\yiisoft\yii2\base\Object.php(105): yii\BaseYii::configure(Object(yii\grid\DataColumn), Array)
#2 [internal function]: yii\base\Object->__construct(Array)
#3 E:\project\advanced\vendor\yiisoft\yii2\di\Container.php(381): ReflectionClass->newInstanceArgs(Array)
#4 E:\project\advanced\vendor\yiisoft\yii2\di\Container.php(156): yii\di\Container->build('yii\\grid\\DataCo...', Array, Array)
#5 E:\project\advanced\vendor\yiisoft\yii2\BaseYii.php(344): yii\di\Container->get('yii\\grid\\DataCo...', Array, Array)
#6 E:\project\advanced\vendor\yiisoft\yii2\grid\GridView.php(534): yii\BaseYii::createObject(Array)
#7 E:\project\advanced\vendor\yiisoft\yii2\grid\GridView.php(278): yii\grid\GridView->initColumns()
#8 E:\project\advanced\vendor\yiisoft\yii2\base\Object.php(107): yii\grid\GridView->init()
#9 [internal function]: yii\base\Object->__construct(Array)
#10 E:\project\advanced\vendor\yiisoft\yii2\di\Container.php(381): ReflectionClass->newInstanceArgs(Array)
#11 E:\project\advanced\vendor\yiisoft\yii2\di\Container.php(156): yii\di\Container->build('yii\\grid\\GridVi...', Array, Array)
#12 E:\project\advanced\vendor\yiisoft\yii2\BaseYii.php(344): yii\di\Container->get('yii\\grid\\GridVi...', Array, Array)
#13 E:\project\advanced\vendor\yiisoft\yii2\base\Widget.php(136): yii\BaseYii::createObject(Array)
#14 E:\project\advanced\backend\views\user\index.php(30): yii\base\Widget::widget(Array)
#15 E:\project\advanced\vendor\yiisoft\yii2\base\View.php(328): require('E:\\project\\adva...')
#16 E:\project\advanced\vendor\yiisoft\yii2\base\View.php(250): yii\base\View->renderPhpFile('E:\\project\\adva...', Array)
#17 E:\project\advanced\vendor\yiisoft\yii2\base\View.php(152): yii\base\View->renderFile('E:\\project\\adva...', Array, Object(backend\controllers\UserController))
#18 E:\project\advanced\vendor\yiisoft\yii2\base\Controller.php(381): yii\base\View->render('index', Array, Object(backend\controllers\UserController))
#19 E:\project\advanced\backend\controllers\UserController.php(44): yii\base\Controller->render('index', Array)
#20 [internal function]: backend\controllers\UserController->actionIndex()
#21 E:\project\advanced\vendor\yiisoft\yii2\base\InlineAction.php(57): call_user_func_array(Array, Array)
#22 E:\project\advanced\vendor\yiisoft\yii2\base\Controller.php(156): yii\base\InlineAction->runWithParams(Array)
#23 E:\project\advanced\vendor\yiisoft\yii2\base\Module.php(523): yii\base\Controller->runAction('index', Array)
#24 E:\project\advanced\vendor\yiisoft\yii2\web\Application.php(102): yii\base\Module->runAction('user/index', Array)
#25 E:\project\advanced\vendor\yiisoft\yii2\base\Application.php(380): yii\web\Application->handleRequest(Object(yii\web\Request))
#26 E:\project\advanced\backend\web\index.php(18): yii\base\Application->run()
#27 {main}
2017-04-07 14:04:00 [127.0.0.1][-][-][info][application] $_COOKIE = [
    '_csrf-backend' => 'be2cb5aa6fc719be3f226bd5c85db6b8ab6050f4775d8497558825f662a6bbd0a:2:{i:0;s:13:\"_csrf-backend\";i:1;s:32:\"odGA2acVuMLokip8Lk7bhWCv_JtSW5sd\";}'
    '_csrf-frontend' => 'f80642eedeafc1606e6500b7e2a21abb59f5c9069002db22e7f3e90d569deb4da:2:{i:0;s:14:\"_csrf-frontend\";i:1;s:32:\"UiX5eOn7hiv9iPtWkUycoDilu4aOJRRM\";}'
    'advanced-frontend' => 'csudbnnif5tlnude6cplf89uj1'
    '_identity-frontend' => '6d3a02ca4b45ce008e80d1057d3fdfee53ced972b2f795a44869078e0c49f352a:2:{i:0;s:18:\"_identity-frontend\";i:1;s:47:\"[10,\"FM7VQISUtf76IMBZCDCeWtIAEUT9efxj\",2592000]\";}'
    'advanced-backend' => 'qsc6petglmkmsia42869i2cpo3'
    '_identity-backend' => '10f12c8953972262b674bb7f7e20df23b12d63d3b89b35f8b4bf6e88bd225ad5a:2:{i:0;s:17:\"_identity-backend\";i:1;s:15:\"[10,\"\",2592000]\";}'
]

$_SERVER = [
    'REDIRECT_REDIRECT_STATUS' => '200'
    'REDIRECT_STATUS' => '200'
    'HTTP_HOST' => 'yii.com'
    'HTTP_CONNECTION' => 'keep-alive'
    'HTTP_CACHE_CONTROL' => 'max-age=0'
    'HTTP_UPGRADE_INSECURE_REQUESTS' => '1'
    'HTTP_USER_AGENT' => 'Mozilla/5.0 (Windows NT 6.1; WOW64) AppleWebKit/537.36 (KHTML, like Gecko) Chrome/57.0.2987.98 Safari/537.36'
    'HTTP_ACCEPT' => 'text/html,application/xhtml+xml,application/xml;q=0.9,image/webp,*/*;q=0.8'
    'HTTP_REFERER' => 'http://yii.com/admin/user/view?id=1'
    'HTTP_ACCEPT_ENCODING' => 'gzip, deflate, sdch'
    'HTTP_ACCEPT_LANGUAGE' => 'zh-CN,zh;q=0.8'
    'HTTP_COOKIE' => '_csrf-backend=be2cb5aa6fc719be3f226bd5c85db6b8ab6050f4775d8497558825f662a6bbd0a%3A2%3A%7Bi%3A0%3Bs%3A13%3A%22_csrf-backend%22%3Bi%3A1%3Bs%3A32%3A%22odGA2acVuMLokip8Lk7bhWCv_JtSW5sd%22%3B%7D; _csrf-frontend=f80642eedeafc1606e6500b7e2a21abb59f5c9069002db22e7f3e90d569deb4da%3A2%3A%7Bi%3A0%3Bs%3A14%3A%22_csrf-frontend%22%3Bi%3A1%3Bs%3A32%3A%22UiX5eOn7hiv9iPtWkUycoDilu4aOJRRM%22%3B%7D; advanced-frontend=csudbnnif5tlnude6cplf89uj1; _identity-frontend=6d3a02ca4b45ce008e80d1057d3fdfee53ced972b2f795a44869078e0c49f352a%3A2%3A%7Bi%3A0%3Bs%3A18%3A%22_identity-frontend%22%3Bi%3A1%3Bs%3A47%3A%22%5B10%2C%22FM7VQISUtf76IMBZCDCeWtIAEUT9efxj%22%2C2592000%5D%22%3B%7D; advanced-backend=qsc6petglmkmsia42869i2cpo3; _identity-backend=10f12c8953972262b674bb7f7e20df23b12d63d3b89b35f8b4bf6e88bd225ad5a%3A2%3A%7Bi%3A0%3Bs%3A17%3A%22_identity-backend%22%3Bi%3A1%3Bs%3A15%3A%22%5B10%2C%22%22%2C2592000%5D%22%3B%7D'
    'PATH' => 'C:\\ProgramData\\Oracle\\Java\\javapath;C:\\Program Files (x86)\\Intel\\iCLS Client\\;C:\\Program Files\\Intel\\iCLS Client\\;C:\\Windows\\system32;C:\\Windows;C:\\Windows\\System32\\Wbem;C:\\Windows\\System32\\WindowsPowerShell\\v1.0\\;C:\\Program Files\\Intel\\Intel(R) Management Engine Components\\DAL;C:\\Program Files (x86)\\Intel\\Intel(R) Management Engine Components\\DAL;C:\\Program Files\\Intel\\Intel(R) Management Engine Components\\IPT;C:\\Program Files (x86)\\Intel\\Intel(R) Management Engine Components\\IPT;C:\\Program Files (x86)\\ATI Technologies\\ATI.ACE\\Core-Static;C:\\Program Files (x86)\\Common Files\\Lenovo;C:\\ProgramData\\Lenovo\\ReadyApps;C:\\Program Files (x86)\\AMD\\ATI.ACE\\Core-Static;D:\\TortoiseSVN\\bin;D:\\Git\\cmd;D:\\OpenVPN\\bin;C:\\Program Files\\OpenVPN\\bin;d:\\Program Files\\OpenVPN\\bin;D:\\fastKey;D:\\wamp\\bin\\php\\php-7.0.14ts;'
    'SystemRoot' => 'C:\\Windows'
    'COMSPEC' => 'C:\\Windows\\system32\\cmd.exe'
    'PATHEXT' => '.COM;.EXE;.BAT;.CMD;.VBS;.VBE;.JS;.JSE;.WSF;.WSH;.MSC'
    'WINDIR' => 'C:\\Windows'
    'SERVER_SIGNATURE' => '<address>Apache/2.4.9 (Win32) PHP/5.5.12 Server at yii.com Port 80</address>
'
    'SERVER_SOFTWARE' => 'Apache/2.4.9 (Win32) PHP/5.5.12'
    'SERVER_NAME' => 'yii.com'
    'SERVER_ADDR' => '127.0.0.1'
    'SERVER_PORT' => '80'
    'REMOTE_ADDR' => '127.0.0.1'
    'DOCUMENT_ROOT' => 'E:/project/advanced'
    'REQUEST_SCHEME' => 'http'
    'CONTEXT_PREFIX' => ''
    'CONTEXT_DOCUMENT_ROOT' => 'E:/project/advanced'
    'SERVER_ADMIN' => 'knight@qq.com'
    'SCRIPT_FILENAME' => 'E:/project/advanced/backend/web/index.php'
    'REMOTE_PORT' => '59250'
    'REDIRECT_URL' => '/backend/web//user/index'
    'GATEWAY_INTERFACE' => 'CGI/1.1'
    'SERVER_PROTOCOL' => 'HTTP/1.1'
    'REQUEST_METHOD' => 'GET'
    'QUERY_STRING' => ''
    'REQUEST_URI' => '/admin/user/index'
    'SCRIPT_NAME' => '/backend/web/index.php'
    'PHP_SELF' => '/backend/web/index.php'
    'REQUEST_TIME_FLOAT' => 1491566640.279
    'REQUEST_TIME' => 1491566640
]
2017-04-07 14:17:33 [127.0.0.1][-][-][error][ReflectionException] exception 'ReflectionException' with message 'Class require does not exist' in E:\project\advanced\vendor\yiisoft\yii2\di\Container.php:424
Stack trace:
#0 E:\project\advanced\vendor\yiisoft\yii2\di\Container.php(424): ReflectionClass->__construct('require')
#1 E:\project\advanced\vendor\yiisoft\yii2\di\Container.php(364): yii\di\Container->getDependencies('require')
#2 E:\project\advanced\vendor\yiisoft\yii2\di\Container.php(156): yii\di\Container->build('require', Array, Array)
#3 E:\project\advanced\vendor\yiisoft\yii2\BaseYii.php(344): yii\di\Container->get('require', Array, Array)
#4 E:\project\advanced\vendor\yiisoft\yii2\validators\Validator.php(224): yii\BaseYii::createObject(Array)
#5 E:\project\advanced\vendor\yiisoft\yii2\base\Model.php(447): yii\validators\Validator::createValidator('require', Object(common\models\User), Array, Array)
#6 E:\project\advanced\vendor\yiisoft\yii2\base\Model.php(411): yii\base\Model->createValidators()
#7 E:\project\advanced\vendor\yiisoft\yii2\base\Model.php(426): yii\base\Model->getValidators()
#8 E:\project\advanced\vendor\yiisoft\yii2\base\Model.php(472): yii\base\Model->getActiveValidators('username')
#9 E:\project\advanced\vendor\yiisoft\yii2\widgets\ActiveField.php(859): yii\base\Model->isAttributeRequired('username')
#10 E:\project\advanced\vendor\yiisoft\yii2\widgets\ActiveField.php(393): yii\widgets\ActiveField->addAriaAttributes(Array)
#11 E:\project\advanced\backend\views\user\_form.php(15): yii\widgets\ActiveField->textInput()
#12 E:\project\advanced\vendor\yiisoft\yii2\base\View.php(328): require('E:\\project\\adva...')
#13 E:\project\advanced\vendor\yiisoft\yii2\base\View.php(250): yii\base\View->renderPhpFile('E:\\project\\adva...', Array)
#14 E:\project\advanced\vendor\yiisoft\yii2\base\View.php(152): yii\base\View->renderFile('E:\\project\\adva...', Array, NULL)
#15 E:\project\advanced\backend\views\user\update.php(19): yii\base\View->render('_form', Array)
#16 E:\project\advanced\vendor\yiisoft\yii2\base\View.php(328): require('E:\\project\\adva...')
#17 E:\project\advanced\vendor\yiisoft\yii2\base\View.php(250): yii\base\View->renderPhpFile('E:\\project\\adva...', Array)
#18 E:\project\advanced\vendor\yiisoft\yii2\base\View.php(152): yii\base\View->renderFile('E:\\project\\adva...', Array, Object(backend\controllers\UserController))
#19 E:\project\advanced\vendor\yiisoft\yii2\base\Controller.php(381): yii\base\View->render('update', Array, Object(backend\controllers\UserController))
#20 E:\project\advanced\backend\controllers\UserController.php(91): yii\base\Controller->render('update', Array)
#21 [internal function]: backend\controllers\UserController->actionUpdate('1')
#22 E:\project\advanced\vendor\yiisoft\yii2\base\InlineAction.php(57): call_user_func_array(Array, Array)
#23 E:\project\advanced\vendor\yiisoft\yii2\base\Controller.php(156): yii\base\InlineAction->runWithParams(Array)
#24 E:\project\advanced\vendor\yiisoft\yii2\base\Module.php(523): yii\base\Controller->runAction('update', Array)
#25 E:\project\advanced\vendor\yiisoft\yii2\web\Application.php(102): yii\base\Module->runAction('user/update', Array)
#26 E:\project\advanced\vendor\yiisoft\yii2\base\Application.php(380): yii\web\Application->handleRequest(Object(yii\web\Request))
#27 E:\project\advanced\backend\web\index.php(18): yii\base\Application->run()
#28 {main}
2017-04-07 14:17:33 [127.0.0.1][-][-][info][application] $_GET = [
    'id' => '1'
]

$_COOKIE = [
    '_csrf-backend' => 'be2cb5aa6fc719be3f226bd5c85db6b8ab6050f4775d8497558825f662a6bbd0a:2:{i:0;s:13:\"_csrf-backend\";i:1;s:32:\"odGA2acVuMLokip8Lk7bhWCv_JtSW5sd\";}'
    '_csrf-frontend' => 'f80642eedeafc1606e6500b7e2a21abb59f5c9069002db22e7f3e90d569deb4da:2:{i:0;s:14:\"_csrf-frontend\";i:1;s:32:\"UiX5eOn7hiv9iPtWkUycoDilu4aOJRRM\";}'
    'advanced-frontend' => 'csudbnnif5tlnude6cplf89uj1'
    'advanced-backend' => 'qsc6petglmkmsia42869i2cpo3'
    '_identity-frontend' => '6d3a02ca4b45ce008e80d1057d3fdfee53ced972b2f795a44869078e0c49f352a:2:{i:0;s:18:\"_identity-frontend\";i:1;s:47:\"[10,\"FM7VQISUtf76IMBZCDCeWtIAEUT9efxj\",2592000]\";}'
    '_identity-backend' => '10f12c8953972262b674bb7f7e20df23b12d63d3b89b35f8b4bf6e88bd225ad5a:2:{i:0;s:17:\"_identity-backend\";i:1;s:15:\"[10,\"\",2592000]\";}'
]

$_SERVER = [
    'REDIRECT_REDIRECT_STATUS' => '200'
    'REDIRECT_STATUS' => '200'
    'HTTP_HOST' => 'yii.com'
    'HTTP_CONNECTION' => 'keep-alive'
    'HTTP_UPGRADE_INSECURE_REQUESTS' => '1'
    'HTTP_USER_AGENT' => 'Mozilla/5.0 (Windows NT 6.1; WOW64) AppleWebKit/537.36 (KHTML, like Gecko) Chrome/57.0.2987.98 Safari/537.36'
    'HTTP_ACCEPT' => 'text/html,application/xhtml+xml,application/xml;q=0.9,image/webp,*/*;q=0.8'
    'HTTP_REFERER' => 'http://yii.com/admin/user/index'
    'HTTP_ACCEPT_ENCODING' => 'gzip, deflate, sdch'
    'HTTP_ACCEPT_LANGUAGE' => 'zh-CN,zh;q=0.8'
    'HTTP_COOKIE' => '_csrf-backend=be2cb5aa6fc719be3f226bd5c85db6b8ab6050f4775d8497558825f662a6bbd0a%3A2%3A%7Bi%3A0%3Bs%3A13%3A%22_csrf-backend%22%3Bi%3A1%3Bs%3A32%3A%22odGA2acVuMLokip8Lk7bhWCv_JtSW5sd%22%3B%7D; _csrf-frontend=f80642eedeafc1606e6500b7e2a21abb59f5c9069002db22e7f3e90d569deb4da%3A2%3A%7Bi%3A0%3Bs%3A14%3A%22_csrf-frontend%22%3Bi%3A1%3Bs%3A32%3A%22UiX5eOn7hiv9iPtWkUycoDilu4aOJRRM%22%3B%7D; advanced-frontend=csudbnnif5tlnude6cplf89uj1; advanced-backend=qsc6petglmkmsia42869i2cpo3; _identity-frontend=6d3a02ca4b45ce008e80d1057d3fdfee53ced972b2f795a44869078e0c49f352a%3A2%3A%7Bi%3A0%3Bs%3A18%3A%22_identity-frontend%22%3Bi%3A1%3Bs%3A47%3A%22%5B10%2C%22FM7VQISUtf76IMBZCDCeWtIAEUT9efxj%22%2C2592000%5D%22%3B%7D; _identity-backend=10f12c8953972262b674bb7f7e20df23b12d63d3b89b35f8b4bf6e88bd225ad5a%3A2%3A%7Bi%3A0%3Bs%3A17%3A%22_identity-backend%22%3Bi%3A1%3Bs%3A15%3A%22%5B10%2C%22%22%2C2592000%5D%22%3B%7D'
    'PATH' => 'C:\\ProgramData\\Oracle\\Java\\javapath;C:\\Program Files (x86)\\Intel\\iCLS Client\\;C:\\Program Files\\Intel\\iCLS Client\\;C:\\Windows\\system32;C:\\Windows;C:\\Windows\\System32\\Wbem;C:\\Windows\\System32\\WindowsPowerShell\\v1.0\\;C:\\Program Files\\Intel\\Intel(R) Management Engine Components\\DAL;C:\\Program Files (x86)\\Intel\\Intel(R) Management Engine Components\\DAL;C:\\Program Files\\Intel\\Intel(R) Management Engine Components\\IPT;C:\\Program Files (x86)\\Intel\\Intel(R) Management Engine Components\\IPT;C:\\Program Files (x86)\\ATI Technologies\\ATI.ACE\\Core-Static;C:\\Program Files (x86)\\Common Files\\Lenovo;C:\\ProgramData\\Lenovo\\ReadyApps;C:\\Program Files (x86)\\AMD\\ATI.ACE\\Core-Static;D:\\TortoiseSVN\\bin;D:\\Git\\cmd;D:\\OpenVPN\\bin;C:\\Program Files\\OpenVPN\\bin;d:\\Program Files\\OpenVPN\\bin;D:\\fastKey;D:\\wamp\\bin\\php\\php-7.0.14ts;'
    'SystemRoot' => 'C:\\Windows'
    'COMSPEC' => 'C:\\Windows\\system32\\cmd.exe'
    'PATHEXT' => '.COM;.EXE;.BAT;.CMD;.VBS;.VBE;.JS;.JSE;.WSF;.WSH;.MSC'
    'WINDIR' => 'C:\\Windows'
    'SERVER_SIGNATURE' => '<address>Apache/2.4.9 (Win32) PHP/5.5.12 Server at yii.com Port 80</address>
'
    'SERVER_SOFTWARE' => 'Apache/2.4.9 (Win32) PHP/5.5.12'
    'SERVER_NAME' => 'yii.com'
    'SERVER_ADDR' => '127.0.0.1'
    'SERVER_PORT' => '80'
    'REMOTE_ADDR' => '127.0.0.1'
    'DOCUMENT_ROOT' => 'E:/project/advanced'
    'REQUEST_SCHEME' => 'http'
    'CONTEXT_PREFIX' => ''
    'CONTEXT_DOCUMENT_ROOT' => 'E:/project/advanced'
    'SERVER_ADMIN' => 'knight@qq.com'
    'SCRIPT_FILENAME' => 'E:/project/advanced/backend/web/index.php'
    'REMOTE_PORT' => '59643'
    'REDIRECT_QUERY_STRING' => 'id=1'
    'REDIRECT_URL' => '/backend/web//user/update'
    'GATEWAY_INTERFACE' => 'CGI/1.1'
    'SERVER_PROTOCOL' => 'HTTP/1.1'
    'REQUEST_METHOD' => 'GET'
    'QUERY_STRING' => 'id=1'
    'REQUEST_URI' => '/admin/user/update?id=1'
    'SCRIPT_NAME' => '/backend/web/index.php'
    'PHP_SELF' => '/backend/web/index.php'
    'REQUEST_TIME_FLOAT' => 1491567453.276
    'REQUEST_TIME' => 1491567453
]
